#
# There is insufficient memory for the Java Runtime Environment to continue.
# Native memory allocation (mmap) failed to map 117440512 bytes for G1 virtual space
# Possible reasons:
#   The system is out of physical RAM or swap space
#   The process is running with CompressedOops enabled, and the Java Heap may be blocking the growth of the native heap
# Possible solutions:
#   Reduce memory load on the system
#   Increase physical memory or swap space
#   Check if swap backing store is full
#   Decrease Java heap size (-Xmx/-Xms)
#   Decrease number of Java threads
#   Decrease Java thread stack sizes (-Xss)
#   Set larger code cache with -XX:ReservedCodeCacheSize=
#   JVM is running with Unscaled Compressed Oops mode in which the Java heap is
#     placed in the first 4GB address space. The Java Heap base address is the
#     maximum limit for the native heap growth. Please use -XX:HeapBaseMinAddress
#     to set the Java Heap base and to place the Java Heap above 4GB virtual address.
# This output file may be truncated or incomplete.
#
#  Out of Memory Error (./open/src/hotspot/os/windows/os_windows.cpp:3321), pid=8040, tid=16328
#
# JRE version:  (15.0.2+7) (build )
# Java VM: Java HotSpot(TM) 64-Bit Server VM (15.0.2+7-27, mixed mode, sharing, tiered, compressed oops, g1 gc, windows-amd64)
# No core dump will be written. Minidumps are not enabled by default on client versions of Windows
#

---------------  S U M M A R Y ------------

Command Line: C:\Users\asus\AppData\Local\Temp\surefire14929831885187743897\surefirebooter6712027301147765182.jar C:\Users\asus\AppData\Local\Temp\surefire14929831885187743897 2021-12-17T10-49-44_441-jvmRun1 surefire10931502002555761883tmp surefire_016690081082726472711tmp

Host: AMD Ryzen 5 2500U with Radeon Vega Mobile Gfx  , 8 cores, 6G,  Windows 10 , 64 bit Build 19041 (10.0.19041.1348)
Time: Fri Dec 17 10:49:45 2021 Hora est. Pacífico, Sudamérica elapsed time: 0.032703 seconds (0d 0h 0m 0s)

---------------  T H R E A D  ---------------

Current thread (0x000001e0596e4e20):  JavaThread "Unknown thread" [_thread_in_vm, id=16328, stack(0x0000007e72b00000,0x0000007e72c00000)]

Stack: [0x0000007e72b00000,0x0000007e72c00000]
Native frames: (J=compiled Java code, j=interpreted, Vv=VM code, C=native code)
V  [jvm.dll+0x62ae9a]
V  [jvm.dll+0x7817a9]
V  [jvm.dll+0x782f03]
V  [jvm.dll+0x783563]
V  [jvm.dll+0x216325]
V  [jvm.dll+0x6281d9]
V  [jvm.dll+0x61cf55]
V  [jvm.dll+0x2cffdd]
V  [jvm.dll+0x2cfe42]
V  [jvm.dll+0x2d5e1c]
V  [jvm.dll+0x32590a]
V  [jvm.dll+0x324fd4]
V  [jvm.dll+0x2a6f5a]
V  [jvm.dll+0x2a80f8]
V  [jvm.dll+0x75e241]
V  [jvm.dll+0x3341c4]
V  [jvm.dll+0x73e926]
V  [jvm.dll+0x3b7557]
V  [jvm.dll+0x3b8fe1]
C  [jli.dll+0x52fb]
C  [ucrtbase.dll+0x21bb2]
C  [KERNEL32.DLL+0x17034]
C  [ntdll.dll+0x52651]


---------------  P R O C E S S  ---------------

Threads class SMR info:
_java_thread_list=0x00007ffe39574ff0, length=0, elements={
}

Java Threads: ( => current thread )

Other Threads:
  0x000001e0597200d0 GCTaskThread "GC Thread#0" [stack: 0x0000007e72c00000,0x0000007e72d00000] [id=16368]
  0x000001e05972f0a0 ConcurrentGCThread "G1 Main Marker" [stack: 0x0000007e72d00000,0x0000007e72e00000] [id=13364]
  0x000001e059730430 ConcurrentGCThread "G1 Conc#0" [stack: 0x0000007e72e00000,0x0000007e72f00000] [id=16028]

[error occurred during error reporting (printing all threads), id 0xc0000005, EXCEPTION_ACCESS_VIOLATION (0xc0000005) at pc=0x00007ffe38d67e27]

VM state: not at safepoint (not fully initialized)

VM Mutex/Monitor currently owned by a thread:  ([mutex/lock_event])
[0x000001e0596e06b0] Heap_lock - owner thread: 0x000001e0596e4e20

Heap address: 0x0000000090c00000, size: 1780 MB, Compressed Oops mode: 32-bit
CDS archive(s) mapped at: [0x0000000000000000-0x0000000000000000-0x0000000000000000), size 0, SharedBaseAddress: 0x0000000800000000, ArchiveRelocationMode: 0.
Narrow klass base: 0x0000000000000000, Narrow klass shift: 0, Narrow klass range: 0x0

Heap:
 garbage-first heap   total 114688K, used 0K [0x0000000090c00000, 0x0000000100000000)
  region size 1024K, 0 young (0K), 0 survivors (0K)
 Metaspace       used 0K, capacity 0K, committed 0K, reserved 0K
  class space    used 0K, capacity 0K, committed 0K, reserved 0K

Heap Regions: E=young(eden), S=young(survivor), O=old, HS=humongous(starts), HC=humongous(continues), CS=collection set, F=free, OA=open archive, CA=closed archive, TAMS=top-at-mark-start (previous, next)

Card table byte_map: [0x000001e070fd0000,0x000001e071350000] _byte_map_base: 0x000001e070b4a000

Marking Bits (Prev, Next): (CMBitMap*) 0x000001e0597208c0, (CMBitMap*) 0x000001e059720900
 Prev Bits: [0x000001e0716d0000, 0x000001e0732a0000)
 Next Bits: [0x000001e0732a0000, 0x000001e074e70000)

GC Heap History (0 events):
No events

Deoptimization events (0 events):
No events

Classes unloaded (0 events):
No events

Classes redefined (0 events):
No events

Internal exceptions (0 events):
No events

Events (1 events):
Event: 0.012 Loaded shared library C:\Program Files\Java\jdk-15.0.2\bin\java.dll


Dynamic libraries:
0x00007ff68e050000 - 0x00007ff68e05f000 	C:\Program Files\Java\jdk-15.0.2\bin\java.exe
0x00007ffe8a010000 - 0x00007ffe8a205000 	C:\WINDOWS\SYSTEM32\ntdll.dll
0x00007ffe89870000 - 0x00007ffe8992e000 	C:\WINDOWS\System32\KERNEL32.DLL
0x00007ffe87aa0000 - 0x00007ffe87d68000 	C:\WINDOWS\System32\KERNELBASE.dll
0x00007ffe87890000 - 0x00007ffe87990000 	C:\WINDOWS\System32\ucrtbase.dll
0x00007ffe82c20000 - 0x00007ffe82c39000 	C:\Program Files\Java\jdk-15.0.2\bin\VCRUNTIME140.dll
0x00007ffe82b40000 - 0x00007ffe82b58000 	C:\Program Files\Java\jdk-15.0.2\bin\jli.dll
0x00007ffe88250000 - 0x00007ffe882fc000 	C:\WINDOWS\System32\ADVAPI32.dll
0x00007ffe89110000 - 0x00007ffe891ae000 	C:\WINDOWS\System32\msvcrt.dll
0x00007ffe896c0000 - 0x00007ffe8975b000 	C:\WINDOWS\System32\sechost.dll
0x00007ffe89a20000 - 0x00007ffe89b4a000 	C:\WINDOWS\System32\RPCRT4.dll
0x00007ffe89510000 - 0x00007ffe896b1000 	C:\WINDOWS\System32\USER32.dll
0x00007ffe67b10000 - 0x00007ffe67daa000 	C:\WINDOWS\WinSxS\amd64_microsoft.windows.common-controls_6595b64144ccf1df_6.0.19041.1110_none_60b5254171f9507e\COMCTL32.dll
0x00007ffe879c0000 - 0x00007ffe879e2000 	C:\WINDOWS\System32\win32u.dll
0x00007ffe890e0000 - 0x00007ffe8910b000 	C:\WINDOWS\System32\GDI32.dll
0x00007ffe87720000 - 0x00007ffe8782d000 	C:\WINDOWS\System32\gdi32full.dll
0x00007ffe87d70000 - 0x00007ffe87e0d000 	C:\WINDOWS\System32\msvcp_win.dll
0x00007ffe7ca60000 - 0x00007ffe7ca6a000 	C:\WINDOWS\SYSTEM32\VERSION.dll
0x00007ffe88740000 - 0x00007ffe88770000 	C:\WINDOWS\System32\IMM32.DLL
0x00007ffe82c10000 - 0x00007ffe82c1c000 	C:\Program Files\Java\jdk-15.0.2\bin\vcruntime140_1.dll
0x00007ffe69960000 - 0x00007ffe699f1000 	C:\Program Files\Java\jdk-15.0.2\bin\msvcp140.dll
0x00007ffe38ab0000 - 0x00007ffe3960e000 	C:\Program Files\Java\jdk-15.0.2\bin\server\jvm.dll
0x00007ffe89930000 - 0x00007ffe89938000 	C:\WINDOWS\System32\PSAPI.DLL
0x00007ffe82c40000 - 0x00007ffe82c49000 	C:\WINDOWS\SYSTEM32\WSOCK32.dll
0x00007ffe891b0000 - 0x00007ffe8921b000 	C:\WINDOWS\System32\WS2_32.dll
0x00007ffe7af80000 - 0x00007ffe7afa7000 	C:\WINDOWS\SYSTEM32\WINMM.dll
0x00007ffe855d0000 - 0x00007ffe855e2000 	C:\WINDOWS\SYSTEM32\kernel.appcore.dll
0x00007ffe82c00000 - 0x00007ffe82c0a000 	C:\Program Files\Java\jdk-15.0.2\bin\jimage.dll
0x00007ffe7fe00000 - 0x00007ffe7ffe4000 	C:\WINDOWS\SYSTEM32\DBGHELP.DLL
0x00007ffe7fcd0000 - 0x00007ffe7fcfc000 	C:\WINDOWS\SYSTEM32\dbgcore.DLL
0x00007ffe87e60000 - 0x00007ffe87ee2000 	C:\WINDOWS\System32\bcryptPrimitives.dll
0x00007ffe6b050000 - 0x00007ffe6b075000 	C:\Program Files\Java\jdk-15.0.2\bin\java.dll

dbghelp: loaded successfully - version: 4.0.5 - missing functions: none
symbol engine: initialized successfully - sym options: 0x614 - pdb path: .;C:\Program Files\Java\jdk-15.0.2\bin;C:\WINDOWS\SYSTEM32;C:\WINDOWS\WinSxS\amd64_microsoft.windows.common-controls_6595b64144ccf1df_6.0.19041.1110_none_60b5254171f9507e;C:\Program Files\Java\jdk-15.0.2\bin\server

VM Arguments:
java_command: C:\Users\asus\AppData\Local\Temp\surefire14929831885187743897\surefirebooter6712027301147765182.jar C:\Users\asus\AppData\Local\Temp\surefire14929831885187743897 2021-12-17T10-49-44_441-jvmRun1 surefire10931502002555761883tmp surefire_016690081082726472711tmp
java_class_path (initial): C:\Users\asus\AppData\Local\Temp\surefire14929831885187743897\surefirebooter6712027301147765182.jar
Launcher Type: SUN_STANDARD

[Global flags]
     intx CICompilerCount                          = 4                                         {product} {ergonomic}
     uint ConcGCThreads                            = 2                                         {product} {ergonomic}
     uint G1ConcRefinementThreads                  = 8                                         {product} {ergonomic}
   size_t G1HeapRegionSize                         = 1048576                                   {product} {ergonomic}
    uintx GCDrainStackTargetSize                   = 64                                        {product} {ergonomic}
   size_t InitialHeapSize                          = 117440512                                 {product} {ergonomic}
   size_t MarkStackSize                            = 4194304                                   {product} {ergonomic}
   size_t MaxHeapSize                              = 1866465280                                {product} {ergonomic}
   size_t MinHeapDeltaBytes                        = 1048576                                   {product} {ergonomic}
   size_t MinHeapSize                              = 8388608                                   {product} {ergonomic}
    uintx NonNMethodCodeHeapSize                   = 5839372                                {pd product} {ergonomic}
    uintx NonProfiledCodeHeapSize                  = 122909434                              {pd product} {ergonomic}
    uintx ProfiledCodeHeapSize                     = 122909434                              {pd product} {ergonomic}
    uintx ReservedCodeCacheSize                    = 251658240                              {pd product} {ergonomic}
     bool SegmentedCodeCache                       = true                                      {product} {ergonomic}
   size_t SoftMaxHeapSize                          = 1866465280                             {manageable} {ergonomic}
     bool UseCompressedClassPointers               = true                                 {lp64_product} {ergonomic}
     bool UseCompressedOops                        = true                                 {lp64_product} {ergonomic}
     bool UseG1GC                                  = true                                      {product} {ergonomic}
     bool UseLargePagesIndividualAllocation        = false                                  {pd product} {ergonomic}

Logging:
Log output configuration:
 #0: stdout all=warning uptime,level,tags
 #1: stderr all=off uptime,level,tags

Environment Variables:
JAVA_HOME=C:\Program Files\Java\jdk-15.0.2
PATH=C:\Python310\Scripts\;C:\Python310\;C:\Program Files\Common Files\Oracle\Java\javapath;C:\Program Files (x86)\Common Files\Oracle\Java\javapath;C:\WINDOWS\system32;C:\WINDOWS;C:\WINDOWS\System32\Wbem;C:\WINDOWS\System32\WindowsPowerShell\v1.0\;C:\WINDOWS\System32\OpenSSH\;C:\Program Files\Intel\WiFi\bin\;C:\Program Files\Common Files\Intel\WirelessCommon\;C:\Program Files (x86)\Windows Live\Shared;C:\Program Files (x86)\Microsoft SQL Server\100\Tools\Binn\;C:\Program Files (x86)\Microsoft SQL Server\100\DTS\Binn\;D:\sqlite;%M2_HOME%\bin;C:\Program Files\apache-maven-3.8.2-bin\apache-maven-3.8.2\bin;C:\Program Files\MySQL\MySQL Utilities 1.6\;C:\Program Files\Java\jdk-17.0.1\bin;C:\Program Files\Apache Software Foundation\Tomcat 9.0\bin;D:\Archivos de programa(D)\Git\cmd;D:\aplicacionesmoviles\flutter\bin;D:\Archivos de programa(D)\;C:\ProgramData\chocolatey\bin;;C:\Program Files\Docker\Docker\resources\bin;C:\ProgramData\DockerDesktop\version-bin;C:\Users\asus\AppData\Local\Programs\Python\Python39\Scripts\;C:\Users\asus\AppData\Local\Programs\Python\Python39\;C:\Users\asus\AppData\Local\Microsoft\WindowsApps;C:\Users\asus\AppData\Local\Programs\Microsoft VS Code\bin;C:\Users\asus\AppData\Local\Microsoft\WindowsApps;C:\Program Files\JetBrains\IntelliJ IDEA Community Edition 2021.1.1\bin;C:\Users\asus\AppData\Local\GitHubDesktop\bin;C:\aplicacionesmoviles\flutter\bin;C:\Users\asus\AppData\Roaming\npm
USERNAME=asus
OS=Windows_NT
PROCESSOR_IDENTIFIER=AMD64 Family 23 Model 17 Stepping 0, AuthenticAMD



---------------  S Y S T E M  ---------------

OS:
 Windows 10 , 64 bit Build 19041 (10.0.19041.1348)
OS uptime: 0 days 12:15 hours
HyperV virtualization detected

CPU: total 8 (initial active 8) (8 cores per cpu, 2 threads per core) family 23 model 17 stepping 0 microcode 0x0, cmov, cx8, fxsr, mmx, sse, sse2, sse3, ssse3, sse4.1, sse4.2, popcnt, vzeroupper, avx, avx2, aes, clmul, 3dnowpref, lzcnt, sse4a, ht, tsc, tscinvbit, tscinv, bmi1, bmi2, adx, sha, fma, clflush, clflushopt

Memory: 4k page, system-wide physical 7113M (401M free)
TotalPageFile size 14979M (AvailPageFile size 91M)
current process WorkingSet (physical memory assigned to process): 10M, peak: 10M
current process commit charge ("private bytes"): 60M, peak: 172M

vm_info: Java HotSpot(TM) 64-Bit Server VM (15.0.2+7-27) for windows-amd64 JRE (15.0.2+7-27), built on Dec  7 2020 20:07:01 by "mach5one" with unknown MS VC++:1925

END.
